.\gradlew.bat : WARNING: A 
restricted method in 
java.lang.System has been 
called
At line:1 char:1
+ .\gradlew.bat 
assembleDebug 2>&1 | 
Out-File -FilePath 
build_log.txt - ...
+ ~~~~~~~~~~~~~~~~~~~~~~~~~~~
~~~~~
    + CategoryInfo           
   : NotSpecified: (WARNING  
  : A rest...has been call   
 ed:String) [], RemoteExc    
eption
    + FullyQualifiedErrorId  
   : NativeCommandError
 
WARNING: 
java.lang.System::load has 
been called by net.rubygrapef
ruit.platform.internal.Native
LibraryLoader in an unnamed 
module (file:/C:/Users/LENOVO
/.gradle/wrapper/dists/gradle
-8.0-bin/ca5e32bp14vu59qr306o
xotwh/gradle-8.0/lib/native-p
latform-0.22-milestone-24.jar
)
WARNING: Use --enable-native-
access=ALL-UNNAMED to avoid 
a warning for callers in 
this module
WARNING: Restricted methods 
will be blocked in a future 
release unless native access 
is enabled


FAILURE: Build failed with 
an exception.

* What went wrong:
25.0.1

* Try:
> Run with --stacktrace 
option to get the stack 
trace.
> Run with --info or --debug 
option to get more log 
output.
> Run with --scan to get 
full insights.

* Get more help at 
https://help.gradle.org

BUILD FAILED in 1s
